[INFO] Scanning for projects...
[INFO] 
[INFO] -------------------< com.tacoloco:pricingCalculator >-------------------
[INFO] Building pricingCalculator 0.0.1-SNAPSHOT
[INFO] --------------------------------[ jar ]---------------------------------
[INFO] 
[INFO] --- maven-resources-plugin:3.1.0:resources (default-resources) @ pricingCalculator ---
[INFO] Using 'UTF-8' encoding to copy filtered resources.
[INFO] Copying 1 resource
[INFO] Copying 0 resource
[INFO] 
[INFO] --- maven-compiler-plugin:3.8.1:compile (default-compile) @ pricingCalculator ---
[INFO] Nothing to compile - all classes are up to date
[INFO] 
[INFO] --- maven-resources-plugin:3.1.0:testResources (default-testResources) @ pricingCalculator ---
[INFO] Using 'UTF-8' encoding to copy filtered resources.
[INFO] skip non existing resourceDirectory C:\Users\Howard Wu\Documents\taco-loco\src\test\resources
[INFO] 
[INFO] --- maven-compiler-plugin:3.8.1:testCompile (default-testCompile) @ pricingCalculator ---
[INFO] Changes detected - recompiling the module!
[INFO] Compiling 4 source files to C:\Users\Howard Wu\Documents\taco-loco\target\test-classes
[INFO] 
[INFO] --- maven-surefire-plugin:2.22.2:test (default-test) @ pricingCalculator ---
[INFO] 
[INFO] -------------------------------------------------------
[INFO]  T E S T S
[INFO] -------------------------------------------------------
[INFO] Running com.tacoloco.pricingCalculator.IntegrationTests
23:01:17.017 [main] DEBUG org.springframework.test.context.BootstrapUtils - Instantiating CacheAwareContextLoaderDelegate from class [org.springframework.test.context.cache.DefaultCacheAwareContextLoaderDelegate]
23:01:17.080 [main] DEBUG org.springframework.test.context.BootstrapUtils - Instantiating BootstrapContext using constructor [public org.springframework.test.context.support.DefaultBootstrapContext(java.lang.Class,org.springframework.test.context.CacheAwareContextLoaderDelegate)]
23:01:17.257 [main] DEBUG org.springframework.test.context.BootstrapUtils - Instantiating TestContextBootstrapper for test class [com.tacoloco.pricingCalculator.IntegrationTests] from class [org.springframework.boot.test.context.SpringBootTestContextBootstrapper]
23:01:17.387 [main] INFO org.springframework.boot.test.context.SpringBootTestContextBootstrapper - Neither @ContextConfiguration nor @ContextHierarchy found for test class [com.tacoloco.pricingCalculator.IntegrationTests], using SpringBootContextLoader
23:01:17.413 [main] DEBUG org.springframework.test.context.support.AbstractContextLoader - Did not detect default resource location for test class [com.tacoloco.pricingCalculator.IntegrationTests]: class path resource [com/tacoloco/pricingCalculator/IntegrationTests-context.xml] does not exist
23:01:17.418 [main] DEBUG org.springframework.test.context.support.AbstractContextLoader - Did not detect default resource location for test class [com.tacoloco.pricingCalculator.IntegrationTests]: class path resource [com/tacoloco/pricingCalculator/IntegrationTestsContext.groovy] does not exist
23:01:17.420 [main] INFO org.springframework.test.context.support.AbstractContextLoader - Could not detect default resource locations for test class [com.tacoloco.pricingCalculator.IntegrationTests]: no resource found for suffixes {-context.xml, Context.groovy}.
23:01:17.425 [main] INFO org.springframework.test.context.support.AnnotationConfigContextLoaderUtils - Could not detect default configuration classes for test class [com.tacoloco.pricingCalculator.IntegrationTests]: IntegrationTests does not declare any static, non-private, non-final, nested classes annotated with @Configuration.
23:01:18.141 [main] DEBUG org.springframework.context.annotation.ClassPathScanningCandidateComponentProvider - Identified candidate component class: file [C:\Users\Howard Wu\Documents\taco-loco\target\classes\com\tacoloco\PricingCalculatorApplication.class]
23:01:18.146 [main] INFO org.springframework.boot.test.context.SpringBootTestContextBootstrapper - Found @SpringBootConfiguration com.tacoloco.PricingCalculatorApplication for test class com.tacoloco.pricingCalculator.IntegrationTests
23:01:18.648 [main] DEBUG org.springframework.boot.test.context.SpringBootTestContextBootstrapper - @TestExecutionListeners is not present for class [com.tacoloco.pricingCalculator.IntegrationTests]: using defaults.
23:01:18.650 [main] INFO org.springframework.boot.test.context.SpringBootTestContextBootstrapper - Loaded default TestExecutionListener class names from location [META-INF/spring.factories]: [org.springframework.security.test.context.support.WithSecurityContextTestExecutionListener, org.springframework.security.test.context.support.ReactorContextTestExecutionListener, org.springframework.test.context.web.ServletTestExecutionListener, org.springframework.test.context.support.DirtiesContextBeforeModesTestExecutionListener, org.springframework.test.context.support.DependencyInjectionTestExecutionListener, org.springframework.test.context.support.DirtiesContextTestExecutionListener, org.springframework.test.context.transaction.TransactionalTestExecutionListener, org.springframework.test.context.jdbc.SqlScriptsTestExecutionListener, org.springframework.test.context.event.EventPublishingTestExecutionListener, org.springframework.boot.test.mock.mockito.MockitoTestExecutionListener, org.springframework.boot.test.mock.mockito.ResetMocksTestExecutionListener, org.springframework.boot.test.autoconfigure.restdocs.RestDocsTestExecutionListener, org.springframework.boot.test.autoconfigure.web.client.MockRestServiceServerResetTestExecutionListener, org.springframework.boot.test.autoconfigure.web.servlet.MockMvcPrintOnlyOnFailureTestExecutionListener, org.springframework.boot.test.autoconfigure.web.servlet.WebDriverTestExecutionListener]
23:01:18.747 [main] INFO org.springframework.boot.test.context.SpringBootTestContextBootstrapper - Using TestExecutionListeners: [org.springframework.test.context.web.ServletTestExecutionListener@29526c05, org.springframework.test.context.support.DirtiesContextBeforeModesTestExecutionListener@2ef14fe, org.springframework.boot.test.mock.mockito.MockitoTestExecutionListener@77102b91, org.springframework.boot.test.autoconfigure.SpringBootDependencyInjectionTestExecutionListener@45312be2, org.springframework.test.context.support.DirtiesContextTestExecutionListener@7fb95505, org.springframework.test.context.transaction.TransactionalTestExecutionListener@58be6e8, org.springframework.test.context.jdbc.SqlScriptsTestExecutionListener@7331196b, org.springframework.security.test.context.support.WithSecurityContextTestExecutionListener@3f9342d4, org.springframework.test.context.event.EventPublishingTestExecutionListener@ab7395e, org.springframework.security.test.context.support.ReactorContextTestExecutionListener@50d13246, org.springframework.boot.test.mock.mockito.ResetMocksTestExecutionListener@2bd08376, org.springframework.boot.test.autoconfigure.restdocs.RestDocsTestExecutionListener@e70f13a, org.springframework.boot.test.autoconfigure.web.client.MockRestServiceServerResetTestExecutionListener@3d3e5463, org.springframework.boot.test.autoconfigure.web.servlet.MockMvcPrintOnlyOnFailureTestExecutionListener@64a40280, org.springframework.boot.test.autoconfigure.web.servlet.WebDriverTestExecutionListener@4b40f651]
23:01:18.763 [main] DEBUG org.springframework.test.context.support.AbstractDirtiesContextTestExecutionListener - Before test class: context [DefaultTestContext@6f63b475 testClass = IntegrationTests, testInstance = [null], testMethod = [null], testException = [null], mergedContextConfiguration = [WebMergedContextConfiguration@554e218 testClass = IntegrationTests, locations = '{}', classes = '{class com.tacoloco.PricingCalculatorApplication}', contextInitializerClasses = '[]', activeProfiles = '{test}', propertySourceLocations = '{}', propertySourceProperties = '{org.springframework.boot.test.context.SpringBootTestContextBootstrapper=true}', contextCustomizers = set[[ImportsContextCustomizer@1608bcbd key = [org.springframework.boot.test.autoconfigure.web.servlet.MockMvcAutoConfiguration, org.springframework.boot.test.autoconfigure.web.servlet.MockMvcWebClientAutoConfiguration, org.springframework.boot.test.autoconfigure.web.servlet.MockMvcWebDriverAutoConfiguration, org.springframework.boot.autoconfigure.security.servlet.SecurityAutoConfiguration, org.springframework.boot.autoconfigure.security.servlet.UserDetailsServiceAutoConfiguration, org.springframework.boot.test.autoconfigure.web.servlet.MockMvcSecurityConfiguration]], org.springframework.boot.test.context.filter.ExcludeFilterContextCustomizer@3e27aa33, org.springframework.boot.test.json.DuplicateJsonObjectContextCustomizerFactory$DuplicateJsonObjectContextCustomizer@298a5e20, org.springframework.boot.test.mock.mockito.MockitoContextCustomizer@0, org.springframework.boot.test.web.client.TestRestTemplateContextCustomizer@470734c3, org.springframework.boot.test.autoconfigure.properties.PropertyMappingContextCustomizer@4b3fa0b3, org.springframework.boot.test.autoconfigure.web.servlet.WebDriverContextCustomizerFactory$Customizer@3a7442c7], resourceBasePath = 'src/main/webapp', contextLoader = 'org.springframework.boot.test.context.SpringBootContextLoader', parent = [null]], attributes = map['org.springframework.test.context.web.ServletTestExecutionListener.activateListener' -> true]], class annotated with @DirtiesContext [false] with mode [null].
23:01:18.928 [main] DEBUG org.springframework.test.context.support.TestPropertySourceUtils - Adding inlined properties to environment: {spring.jmx.enabled=false, org.springframework.boot.test.context.SpringBootTestContextBootstrapper=true, server.port=-1}

  .   ____          _            __ _ _
 /\\ / ___'_ __ _ _(_)_ __  __ _ \ \ \ \
( ( )\___ | '_ | '_| | '_ \/ _` | \ \ \ \
 \\/  ___)| |_)| | | | | || (_| |  ) ) ) )
  '  |____| .__|_| |_|_| |_\__, | / / / /
 =========|_|==============|___/=/_/_/_/
 :: Spring Boot ::        (v2.2.5.RELEASE)

2020-08-22 23:01:20.876  INFO 9456 --- [           main] c.t.pricingCalculator.IntegrationTests   : Starting IntegrationTests on Jianping-HP with PID 9456 (started by Howard Wu in C:\Users\Howard Wu\Documents\taco-loco)
2020-08-22 23:01:20.881  INFO 9456 --- [           main] c.t.pricingCalculator.IntegrationTests   : The following profiles are active: test
2020-08-22 23:01:27.215  INFO 9456 --- [           main] .s.d.r.c.RepositoryConfigurationDelegate : Multiple Spring Data modules found, entering strict repository configuration mode!
2020-08-22 23:01:27.220  INFO 9456 --- [           main] .s.d.r.c.RepositoryConfigurationDelegate : Bootstrapping Spring Data JDBC repositories in DEFAULT mode.
2020-08-22 23:01:27.519  INFO 9456 --- [           main] .RepositoryConfigurationExtensionSupport : Spring Data JDBC - Could not safely identify store assignment for repository candidate interface com.tacoloco.dao.SessionDao. If you want this repository to be a JDBC repository, consider annotating your entities with one of these annotations: org.springframework.data.relational.core.mapping.Table.
2020-08-22 23:01:27.539  INFO 9456 --- [           main] .RepositoryConfigurationExtensionSupport : Spring Data JDBC - Could not safely identify store assignment for repository candidate interface com.tacoloco.dao.UserDao. If you want this repository to be a JDBC repository, consider annotating your entities with one of these annotations: org.springframework.data.relational.core.mapping.Table.
2020-08-22 23:01:27.542  INFO 9456 --- [           main] .s.d.r.c.RepositoryConfigurationDelegate : Finished Spring Data repository scanning in 278ms. Found 0 JDBC repository interfaces.
2020-08-22 23:01:27.623  INFO 9456 --- [           main] .s.d.r.c.RepositoryConfigurationDelegate : Multiple Spring Data modules found, entering strict repository configuration mode!
2020-08-22 23:01:27.631  INFO 9456 --- [           main] .s.d.r.c.RepositoryConfigurationDelegate : Bootstrapping Spring Data JPA repositories in DEFAULT mode.
2020-08-22 23:01:27.878  INFO 9456 --- [           main] .s.d.r.c.RepositoryConfigurationDelegate : Finished Spring Data repository scanning in 223ms. Found 2 JPA repository interfaces.
2020-08-22 23:01:32.680  INFO 9456 --- [           main] trationDelegate$BeanPostProcessorChecker : Bean 'org.springframework.security.config.annotation.configuration.ObjectPostProcessorConfiguration' of type [org.springframework.security.config.annotation.configuration.ObjectPostProcessorConfiguration] is not eligible for getting processed by all BeanPostProcessors (for example: not eligible for auto-proxying)
2020-08-22 23:01:32.741  INFO 9456 --- [           main] trationDelegate$BeanPostProcessorChecker : Bean 'objectPostProcessor' of type [org.springframework.security.config.annotation.configuration.AutowireBeanFactoryObjectPostProcessor] is not eligible for getting processed by all BeanPostProcessors (for example: not eligible for auto-proxying)
2020-08-22 23:01:32.758  INFO 9456 --- [           main] trationDelegate$BeanPostProcessorChecker : Bean 'org.springframework.security.access.expression.method.DefaultMethodSecurityExpressionHandler@6f9e08d4' of type [org.springframework.security.access.expression.method.DefaultMethodSecurityExpressionHandler] is not eligible for getting processed by all BeanPostProcessors (for example: not eligible for auto-proxying)
2020-08-22 23:01:32.807  INFO 9456 --- [           main] trationDelegate$BeanPostProcessorChecker : Bean 'org.springframework.security.config.annotation.method.configuration.GlobalMethodSecurityConfiguration' of type [org.springframework.security.config.annotation.method.configuration.GlobalMethodSecurityConfiguration] is not eligible for getting processed by all BeanPostProcessors (for example: not eligible for auto-proxying)
2020-08-22 23:01:32.884  INFO 9456 --- [           main] trationDelegate$BeanPostProcessorChecker : Bean 'methodSecurityMetadataSource' of type [org.springframework.security.access.method.DelegatingMethodSecurityMetadataSource] is not eligible for getting processed by all BeanPostProcessors (for example: not eligible for auto-proxying)
2020-08-22 23:01:34.445  INFO 9456 --- [           main] com.zaxxer.hikari.HikariDataSource       : HikariPool-1 - Starting...
2020-08-22 23:01:36.278  INFO 9456 --- [           main] com.zaxxer.hikari.HikariDataSource       : HikariPool-1 - Start completed.
2020-08-22 23:01:36.971  INFO 9456 --- [           main] o.hibernate.jpa.internal.util.LogHelper  : HHH000204: Processing PersistenceUnitInfo [name: default]
2020-08-22 23:01:37.850  INFO 9456 --- [           main] org.hibernate.Version                    : HHH000412: Hibernate ORM core version 5.4.12.Final
2020-08-22 23:01:38.772  INFO 9456 --- [           main] o.hibernate.annotations.common.Version   : HCANN000001: Hibernate Commons Annotations {5.1.0.Final}
2020-08-22 23:01:39.897  INFO 9456 --- [           main] org.hibernate.dialect.Dialect            : HHH000400: Using dialect: org.hibernate.dialect.H2Dialect
2020-08-22 23:01:44.303  INFO 9456 --- [           main] o.h.e.t.j.p.i.JtaPlatformInitiator       : HHH000490: Using JtaPlatform implementation: [org.hibernate.engine.transaction.jta.platform.internal.NoJtaPlatform]
2020-08-22 23:01:44.350  INFO 9456 --- [           main] j.LocalContainerEntityManagerFactoryBean : Initialized JPA EntityManagerFactory for persistence unit 'default'
2020-08-22 23:01:46.413  WARN 9456 --- [           main] JpaBaseConfiguration$JpaWebConfiguration : spring.jpa.open-in-view is enabled by default. Therefore, database queries may be performed during view rendering. Explicitly configure spring.jpa.open-in-view to disable this warning
2020-08-22 23:01:52.119  INFO 9456 --- [           main] o.s.s.web.DefaultSecurityFilterChain     : Creating filter chain: any request, [org.springframework.security.web.context.request.async.WebAsyncManagerIntegrationFilter@54cce500, org.springframework.security.web.context.SecurityContextPersistenceFilter@34d0c331, org.springframework.security.web.header.HeaderWriterFilter@506e382b, org.springframework.security.web.authentication.logout.LogoutFilter@2d568cff, org.springframework.security.web.savedrequest.RequestCacheAwareFilter@202d1424, org.springframework.security.web.servletapi.SecurityContextHolderAwareRequestFilter@4629dde5, org.springframework.security.web.authentication.AnonymousAuthenticationFilter@755033c5, org.springframework.security.web.session.SessionManagementFilter@48d24d63, org.springframework.security.web.access.ExceptionTranslationFilter@59700156, org.springframework.security.web.access.intercept.FilterSecurityInterceptor@2ba4b32b]
2020-08-22 23:01:52.432  INFO 9456 --- [           main] o.s.s.web.DefaultSecurityFilterChain     : Creating filter chain: any request, [org.springframework.security.web.context.request.async.WebAsyncManagerIntegrationFilter@733e3c19, org.springframework.security.web.context.SecurityContextPersistenceFilter@43cf97a8, org.springframework.security.web.header.HeaderWriterFilter@4a0f4282, org.springframework.security.web.csrf.CsrfFilter@7a491a60, org.springframework.security.web.authentication.logout.LogoutFilter@4f5df012, org.springframework.security.web.authentication.UsernamePasswordAuthenticationFilter@765eb801, org.springframework.security.web.authentication.ui.DefaultLoginPageGeneratingFilter@3398ed12, org.springframework.security.web.authentication.ui.DefaultLogoutPageGeneratingFilter@5418893c, org.springframework.security.web.authentication.www.BasicAuthenticationFilter@fef2768, org.springframework.security.web.savedrequest.RequestCacheAwareFilter@5c1ea00, org.springframework.security.web.servletapi.SecurityContextHolderAwareRequestFilter@356ab368, org.springframework.security.web.authentication.AnonymousAuthenticationFilter@22ba30b0, org.springframework.security.web.session.SessionManagementFilter@19d3f4fb, org.springframework.security.web.access.ExceptionTranslationFilter@7827cdfc, org.springframework.security.web.access.intercept.FilterSecurityInterceptor@50d6af87]
2020-08-22 23:01:54.745  INFO 9456 --- [           main] o.s.s.concurrent.ThreadPoolTaskExecutor  : Initializing ExecutorService 'applicationTaskExecutor'
2020-08-22 23:02:06.008  INFO 9456 --- [           main] o.s.b.t.m.w.SpringBootMockServletContext : Initializing Spring TestDispatcherServlet ''
2020-08-22 23:02:06.013  INFO 9456 --- [           main] o.s.t.web.servlet.TestDispatcherServlet  : Initializing Servlet ''
2020-08-22 23:02:06.083  INFO 9456 --- [           main] o.s.t.web.servlet.TestDispatcherServlet  : Completed initialization in 70 ms
2020-08-22 23:02:06.183  INFO 9456 --- [           main] c.t.pricingCalculator.IntegrationTests   : Started IntegrationTests in 47.207 seconds (JVM running for 58.807)
2020-08-22 23:02:07.273  WARN 9456 --- [           main] com.tacoloco.config.JwtRequestFilter     : JWT Token does not begin with Bearer String
2020-08-22 23:02:07.513  WARN 9456 --- [           main] com.tacoloco.config.JwtRequestFilter     : JWT Token does not begin with Bearer String
******************************** fake1
2020-08-22 23:02:08.933  WARN 9456 --- [           main] com.tacoloco.config.JwtRequestFilter     : JWT Token does not begin with Bearer String
2020-08-22 23:02:09.308  WARN 9456 --- [           main] com.tacoloco.config.JwtRequestFilter     : JWT Token does not begin with Bearer String
2020-08-22 23:02:09.328  WARN 9456 --- [           main] o.h.engine.jdbc.spi.SqlExceptionHelper   : SQL Error: 23505, SQLState: 23505
2020-08-22 23:02:09.328 ERROR 9456 --- [           main] o.h.engine.jdbc.spi.SqlExceptionHelper   : Unique index or primary key violation: "PUBLIC.UK_CIHW5C8XE4RF3SC4F89WEV8DB_INDEX_A ON PUBLIC.SESSION(SESSION_STORY_ID) VALUES 1"; SQL statement:
insert into session (id, session_action, session_creator, session_mentee, session_mentee_comments, session_mentee_rating, session_mentor, session_mentor_comments, session_mentor_rating, session_story_id, session_subject_matter, time) values (null, ?, ?, ?, ?, ?, ?, ?, ?, ?, ?, ?) [23505-200]
2020-08-22 23:02:09.408  WARN 9456 --- [           main] com.tacoloco.config.JwtRequestFilter     : JWT Token does not begin with Bearer String
2020-08-22 23:02:09.823  WARN 9456 --- [           main] com.tacoloco.config.JwtRequestFilter     : JWT Token does not begin with Bearer String
2020-08-22 23:02:10.148  WARN 9456 --- [           main] o.h.engine.jdbc.spi.SqlExceptionHelper   : SQL Error: 23505, SQLState: 23505
2020-08-22 23:02:10.148 ERROR 9456 --- [           main] o.h.engine.jdbc.spi.SqlExceptionHelper   : Unique index or primary key violation: "PUBLIC.UK_SB8BBOUER5WAK8VYIIY4PF2BX_INDEX_2 ON PUBLIC.USER(USERNAME) VALUES 1"; SQL statement:
insert into user (id, first_name, last_name, password, username) values (null, ?, ?, ?, ?) [23505-200]
2020-08-22 23:02:10.178  WARN 9456 --- [           main] com.tacoloco.config.JwtRequestFilter     : JWT Token does not begin with Bearer String
2020-08-22 23:02:10.513  WARN 9456 --- [           main] com.tacoloco.config.JwtRequestFilter     : JWT Token does not begin with Bearer String
************JSON{"username":"SirSnoopy","password":null,"firstName":"Joe","lastName":"Cool"}
2020-08-22 23:02:10.898  WARN 9456 --- [           main] com.tacoloco.config.JwtRequestFilter     : JWT Token does not begin with Bearer String
2020-08-22 23:02:10.963  WARN 9456 --- [           main] com.tacoloco.config.JwtRequestFilter     : JWT Token does not begin with Bearer String
2020-08-22 23:02:10.983  WARN 9456 --- [           main] .w.s.m.s.DefaultHandlerExceptionResolver : Resolved [org.springframework.http.converter.HttpMessageNotReadableException: JSON parse error: Unexpected end-of-input: expected close marker for Object (start marker at [Source: (PushbackInputStream); line: 1, column: 1]); nested exception is com.fasterxml.jackson.core.io.JsonEOFException: Unexpected end-of-input: expected close marker for Object (start marker at [Source: (PushbackInputStream); line: 1, column: 1])
 at [Source: (PushbackInputStream); line: 1, column: 2]]
2020-08-22 23:02:11.083  WARN 9456 --- [           main] com.tacoloco.config.JwtRequestFilter     : JWT Token does not begin with Bearer String
2020-08-22 23:02:11.818  WARN 9456 --- [           main] com.tacoloco.config.JwtRequestFilter     : JWT Token does not begin with Bearer String
2020-08-22 23:02:12.478  WARN 9456 --- [           main] com.tacoloco.config.JwtRequestFilter     : JWT Token does not begin with Bearer String
2020-08-22 23:02:12.513  WARN 9456 --- [           main] com.tacoloco.config.JwtRequestFilter     : JWT Token does not begin with Bearer String
2020-08-22 23:02:14.303  WARN 9456 --- [           main] com.tacoloco.config.JwtRequestFilter     : JWT Token does not begin with Bearer String
2020-08-22 23:02:14.483  WARN 9456 --- [           main] com.tacoloco.config.JwtRequestFilter     : JWT Token does not begin with Bearer String
2020-08-22 23:02:14.573  WARN 9456 --- [           main] com.tacoloco.config.JwtRequestFilter     : JWT Token does not begin with Bearer String
2020-08-22 23:02:15.088  WARN 9456 --- [           main] com.tacoloco.config.JwtRequestFilter     : JWT Token does not begin with Bearer String
[INFO] Tests run: 14, Failures: 0, Errors: 0, Skipped: 0, Time elapsed: 58.468 s - in com.tacoloco.pricingCalculator.IntegrationTests
[INFO] Running com.tacoloco.pricingCalculator.PricingCalculatorControllerTests
2020-08-22 23:02:15.158  INFO 9456 --- [           main] .b.t.c.SpringBootTestContextBootstrapper : Neither @ContextConfiguration nor @ContextHierarchy found for test class [com.tacoloco.pricingCalculator.PricingCalculatorControllerTests], using SpringBootContextLoader
2020-08-22 23:02:15.223  INFO 9456 --- [           main] o.s.t.c.support.AbstractContextLoader    : Could not detect default resource locations for test class [com.tacoloco.pricingCalculator.PricingCalculatorControllerTests]: no resource found for suffixes {-context.xml, Context.groovy}.
2020-08-22 23:02:15.228  INFO 9456 --- [           main] t.c.s.AnnotationConfigContextLoaderUtils : Could not detect default configuration classes for test class [com.tacoloco.pricingCalculator.PricingCalculatorControllerTests]: PricingCalculatorControllerTests does not declare any static, non-private, non-final, nested classes annotated with @Configuration.
2020-08-22 23:02:15.288  INFO 9456 --- [           main] .b.t.c.SpringBootTestContextBootstrapper : Found @SpringBootConfiguration com.tacoloco.PricingCalculatorApplication for test class com.tacoloco.pricingCalculator.PricingCalculatorControllerTests
2020-08-22 23:02:15.313  INFO 9456 --- [           main] .b.t.c.SpringBootTestContextBootstrapper : Loaded default TestExecutionListener class names from location [META-INF/spring.factories]: [org.springframework.security.test.context.support.WithSecurityContextTestExecutionListener, org.springframework.security.test.context.support.ReactorContextTestExecutionListener, org.springframework.test.context.web.ServletTestExecutionListener, org.springframework.test.context.support.DirtiesContextBeforeModesTestExecutionListener, org.springframework.test.context.support.DependencyInjectionTestExecutionListener, org.springframework.test.context.support.DirtiesContextTestExecutionListener, org.springframework.test.context.transaction.TransactionalTestExecutionListener, org.springframework.test.context.jdbc.SqlScriptsTestExecutionListener, org.springframework.test.context.event.EventPublishingTestExecutionListener, org.springframework.boot.test.mock.mockito.MockitoTestExecutionListener, org.springframework.boot.test.mock.mockito.ResetMocksTestExecutionListener, org.springframework.boot.test.autoconfigure.restdocs.RestDocsTestExecutionListener, org.springframework.boot.test.autoconfigure.web.client.MockRestServiceServerResetTestExecutionListener, org.springframework.boot.test.autoconfigure.web.servlet.MockMvcPrintOnlyOnFailureTestExecutionListener, org.springframework.boot.test.autoconfigure.web.servlet.WebDriverTestExecutionListener]
2020-08-22 23:02:15.318  INFO 9456 --- [           main] .b.t.c.SpringBootTestContextBootstrapper : Using TestExecutionListeners: [org.springframework.test.context.web.ServletTestExecutionListener@11f6a083, org.springframework.test.context.support.DirtiesContextBeforeModesTestExecutionListener@3bc00359, org.springframework.boot.test.mock.mockito.MockitoTestExecutionListener@30b91493, org.springframework.boot.test.autoconfigure.SpringBootDependencyInjectionTestExecutionListener@2771e501, org.springframework.test.context.support.DirtiesContextTestExecutionListener@3a7abd4, org.springframework.test.context.transaction.TransactionalTestExecutionListener@3846ba32, org.springframework.test.context.jdbc.SqlScriptsTestExecutionListener@40a32c25, org.springframework.security.test.context.support.WithSecurityContextTestExecutionListener@685280dd, org.springframework.test.context.event.EventPublishingTestExecutionListener@56957f08, org.springframework.security.test.context.support.ReactorContextTestExecutionListener@5b0fc8c2, org.springframework.boot.test.mock.mockito.ResetMocksTestExecutionListener@2140582, org.springframework.boot.test.autoconfigure.restdocs.RestDocsTestExecutionListener@7ebc2975, org.springframework.boot.test.autoconfigure.web.client.MockRestServiceServerResetTestExecutionListener@32c7495, org.springframework.boot.test.autoconfigure.web.servlet.MockMvcPrintOnlyOnFailureTestExecutionListener@2640f5ea, org.springframework.boot.test.autoconfigure.web.servlet.WebDriverTestExecutionListener@45accb5]

  .   ____          _            __ _ _
 /\\ / ___'_ __ _ _(_)_ __  __ _ \ \ \ \
( ( )\___ | '_ | '_| | '_ \/ _` | \ \ \ \
 \\/  ___)| |_)| | | | | || (_| |  ) ) ) )
  '  |____| .__|_| |_|_| |_\__, | / / / /
 =========|_|==============|___/=/_/_/_/
 :: Spring Boot ::        (v2.2.5.RELEASE)

2020-08-22 23:02:15.608  INFO 9456 --- [           main] c.t.p.PricingCalculatorControllerTests   : Starting PricingCalculatorControllerTests on Jianping-HP with PID 9456 (started by Howard Wu in C:\Users\Howard Wu\Documents\taco-loco)
2020-08-22 23:02:15.628  INFO 9456 --- [           main] c.t.p.PricingCalculatorControllerTests   : The following profiles are active: test
2020-08-22 23:02:18.683  INFO 9456 --- [           main] .s.d.r.c.RepositoryConfigurationDelegate : Multiple Spring Data modules found, entering strict repository configuration mode!
2020-08-22 23:02:18.688  INFO 9456 --- [           main] .s.d.r.c.RepositoryConfigurationDelegate : Bootstrapping Spring Data JDBC repositories in DEFAULT mode.
2020-08-22 23:02:18.793  INFO 9456 --- [           main] .RepositoryConfigurationExtensionSupport : Spring Data JDBC - Could not safely identify store assignment for repository candidate interface com.tacoloco.dao.SessionDao. If you want this repository to be a JDBC repository, consider annotating your entities with one of these annotations: org.springframework.data.relational.core.mapping.Table.
2020-08-22 23:02:18.818  INFO 9456 --- [           main] .RepositoryConfigurationExtensionSupport : Spring Data JDBC - Could not safely identify store assignment for repository candidate interface com.tacoloco.dao.UserDao. If you want this repository to be a JDBC repository, consider annotating your entities with one of these annotations: org.springframework.data.relational.core.mapping.Table.
2020-08-22 23:02:18.848  INFO 9456 --- [           main] .s.d.r.c.RepositoryConfigurationDelegate : Finished Spring Data repository scanning in 155ms. Found 0 JDBC repository interfaces.
2020-08-22 23:02:18.893  INFO 9456 --- [           main] .s.d.r.c.RepositoryConfigurationDelegate : Multiple Spring Data modules found, entering strict repository configuration mode!
2020-08-22 23:02:18.928  INFO 9456 --- [           main] .s.d.r.c.RepositoryConfigurationDelegate : Bootstrapping Spring Data JPA repositories in DEFAULT mode.
2020-08-22 23:02:19.148  INFO 9456 --- [           main] .s.d.r.c.RepositoryConfigurationDelegate : Finished Spring Data repository scanning in 206ms. Found 2 JPA repository interfaces.
2020-08-22 23:02:20.663  INFO 9456 --- [           main] trationDelegate$BeanPostProcessorChecker : Bean 'org.springframework.security.config.annotation.configuration.ObjectPostProcessorConfiguration' of type [org.springframework.security.config.annotation.configuration.ObjectPostProcessorConfiguration] is not eligible for getting processed by all BeanPostProcessors (for example: not eligible for auto-proxying)
2020-08-22 23:02:20.683  INFO 9456 --- [           main] trationDelegate$BeanPostProcessorChecker : Bean 'objectPostProcessor' of type [org.springframework.security.config.annotation.configuration.AutowireBeanFactoryObjectPostProcessor] is not eligible for getting processed by all BeanPostProcessors (for example: not eligible for auto-proxying)
2020-08-22 23:02:20.688  INFO 9456 --- [           main] trationDelegate$BeanPostProcessorChecker : Bean 'org.springframework.security.access.expression.method.DefaultMethodSecurityExpressionHandler@5b52ce28' of type [org.springframework.security.access.expression.method.DefaultMethodSecurityExpressionHandler] is not eligible for getting processed by all BeanPostProcessors (for example: not eligible for auto-proxying)
2020-08-22 23:02:20.718  INFO 9456 --- [           main] trationDelegate$BeanPostProcessorChecker : Bean 'org.springframework.security.config.annotation.method.configuration.GlobalMethodSecurityConfiguration' of type [org.springframework.security.config.annotation.method.configuration.GlobalMethodSecurityConfiguration] is not eligible for getting processed by all BeanPostProcessors (for example: not eligible for auto-proxying)
2020-08-22 23:02:20.743  INFO 9456 --- [           main] trationDelegate$BeanPostProcessorChecker : Bean 'methodSecurityMetadataSource' of type [org.springframework.security.access.method.DelegatingMethodSecurityMetadataSource] is not eligible for getting processed by all BeanPostProcessors (for example: not eligible for auto-proxying)
2020-08-22 23:02:21.268  INFO 9456 --- [           main] com.zaxxer.hikari.HikariDataSource       : HikariPool-2 - Starting...
2020-08-22 23:02:21.308  INFO 9456 --- [           main] com.zaxxer.hikari.HikariDataSource       : HikariPool-2 - Start completed.
2020-08-22 23:02:21.438  INFO 9456 --- [           main] o.hibernate.jpa.internal.util.LogHelper  : HHH000204: Processing PersistenceUnitInfo [name: default]
2020-08-22 23:02:21.493  INFO 9456 --- [           main] org.hibernate.dialect.Dialect            : HHH000400: Using dialect: org.hibernate.dialect.H2Dialect
2020-08-22 23:02:22.323  INFO 9456 --- [           main] o.h.e.t.j.p.i.JtaPlatformInitiator       : HHH000490: Using JtaPlatform implementation: [org.hibernate.engine.transaction.jta.platform.internal.NoJtaPlatform]
2020-08-22 23:02:22.333  INFO 9456 --- [           main] j.LocalContainerEntityManagerFactoryBean : Initialized JPA EntityManagerFactory for persistence unit 'default'
2020-08-22 23:02:23.033  WARN 9456 --- [           main] JpaBaseConfiguration$JpaWebConfiguration : spring.jpa.open-in-view is enabled by default. Therefore, database queries may be performed during view rendering. Explicitly configure spring.jpa.open-in-view to disable this warning
2020-08-22 23:02:26.198  INFO 9456 --- [           main] o.s.s.web.DefaultSecurityFilterChain     : Creating filter chain: any request, [org.springframework.security.web.context.request.async.WebAsyncManagerIntegrationFilter@6c1e2161, org.springframework.security.web.context.SecurityContextPersistenceFilter@b0c4670, org.springframework.security.web.header.HeaderWriterFilter@13ae0ffd, org.springframework.security.web.authentication.logout.LogoutFilter@7dd4f726, org.springframework.security.web.savedrequest.RequestCacheAwareFilter@5344b208, org.springframework.security.web.servletapi.SecurityContextHolderAwareRequestFilter@30769e7a, org.springframework.security.web.authentication.AnonymousAuthenticationFilter@5b7f9eaa, org.springframework.security.web.session.SessionManagementFilter@2a71d430, org.springframework.security.web.access.ExceptionTranslationFilter@24bf95ec, org.springframework.security.web.access.intercept.FilterSecurityInterceptor@5126c0cd]
2020-08-22 23:02:26.418  INFO 9456 --- [           main] o.s.s.web.DefaultSecurityFilterChain     : Creating filter chain: any request, [org.springframework.security.web.context.request.async.WebAsyncManagerIntegrationFilter@68032a80, org.springframework.security.web.context.SecurityContextPersistenceFilter@2b960c2b, org.springframework.security.web.header.HeaderWriterFilter@50d507ab, org.springframework.security.web.csrf.CsrfFilter@74c3374f, org.springframework.security.web.authentication.logout.LogoutFilter@2d481de0, org.springframework.security.web.authentication.UsernamePasswordAuthenticationFilter@59e6fb8a, org.springframework.security.web.authentication.ui.DefaultLoginPageGeneratingFilter@6921e251, org.springframework.security.web.authentication.ui.DefaultLogoutPageGeneratingFilter@6878cd83, org.springframework.security.web.authentication.www.BasicAuthenticationFilter@502cd238, org.springframework.security.web.savedrequest.RequestCacheAwareFilter@46f32536, org.springframework.security.web.servletapi.SecurityContextHolderAwareRequestFilter@3ee39a1c, org.springframework.security.web.authentication.AnonymousAuthenticationFilter@62c41ad, org.springframework.security.web.session.SessionManagementFilter@460222eb, org.springframework.security.web.access.ExceptionTranslationFilter@3eea7c4b, org.springframework.security.web.access.intercept.FilterSecurityInterceptor@1cf38112]
2020-08-22 23:02:27.828  INFO 9456 --- [           main] o.s.s.concurrent.ThreadPoolTaskExecutor  : Initializing ExecutorService 'applicationTaskExecutor'
2020-08-22 23:02:33.122  INFO 9456 --- [           main] o.s.b.t.m.w.SpringBootMockServletContext : Initializing Spring TestDispatcherServlet ''
2020-08-22 23:02:33.122  INFO 9456 --- [           main] o.s.t.web.servlet.TestDispatcherServlet  : Initializing Servlet ''
2020-08-22 23:02:33.182  INFO 9456 --- [           main] o.s.t.web.servlet.TestDispatcherServlet  : Completed initialization in 60 ms
2020-08-22 23:02:33.282  INFO 9456 --- [           main] c.t.p.PricingCalculatorControllerTests   : Started PricingCalculatorControllerTests in 17.954 seconds (JVM running for 85.903)
2020-08-22 23:02:33.327  WARN 9456 --- [           main] com.tacoloco.config.JwtRequestFilter     : JWT Token does not begin with Bearer String
2020-08-22 23:02:33.442  WARN 9456 --- [           main] com.tacoloco.config.JwtRequestFilter     : JWT Token does not begin with Bearer String
2020-08-22 23:02:33.492  WARN 9456 --- [           main] com.tacoloco.config.JwtRequestFilter     : JWT Token does not begin with Bearer String
2020-08-22 23:02:33.612  WARN 9456 --- [           main] com.tacoloco.config.JwtRequestFilter     : JWT Token does not begin with Bearer String
2020-08-22 23:02:33.762  WARN 9456 --- [           main] com.tacoloco.config.JwtRequestFilter     : JWT Token does not begin with Bearer String
2020-08-22 23:02:33.787  WARN 9456 --- [           main] com.tacoloco.config.JwtRequestFilter     : JWT Token does not begin with Bearer String
2020-08-22 23:02:33.837  WARN 9456 --- [           main] com.tacoloco.config.JwtRequestFilter     : JWT Token does not begin with Bearer String
2020-08-22 23:02:33.887  WARN 9456 --- [           main] com.tacoloco.config.JwtRequestFilter     : JWT Token does not begin with Bearer String
2020-08-22 23:02:33.952  WARN 9456 --- [           main] com.tacoloco.config.JwtRequestFilter     : JWT Token does not begin with Bearer String
2020-08-22 23:02:33.987  WARN 9456 --- [           main] com.tacoloco.config.JwtRequestFilter     : JWT Token does not begin with Bearer String
2020-08-22 23:02:34.432  WARN 9456 --- [           main] com.tacoloco.config.JwtRequestFilter     : JWT Token does not begin with Bearer String
2020-08-22 23:02:34.442  WARN 9456 --- [           main] com.tacoloco.config.JwtRequestFilter     : JWT Token does not begin with Bearer String
2020-08-22 23:02:34.472  WARN 9456 --- [           main] com.tacoloco.config.JwtRequestFilter     : JWT Token does not begin with Bearer String
2020-08-22 23:02:34.522  WARN 9456 --- [           main] com.tacoloco.config.JwtRequestFilter     : JWT Token does not begin with Bearer String
2020-08-22 23:02:34.552  WARN 9456 --- [           main] com.tacoloco.config.JwtRequestFilter     : JWT Token does not begin with Bearer String
2020-08-22 23:02:34.587  WARN 9456 --- [           main] com.tacoloco.config.JwtRequestFilter     : JWT Token does not begin with Bearer String
2020-08-22 23:02:36.117  WARN 9456 --- [           main] com.tacoloco.config.JwtRequestFilter     : JWT Token does not begin with Bearer String
2020-08-22 23:02:36.142  WARN 9456 --- [           main] com.tacoloco.config.JwtRequestFilter     : JWT Token does not begin with Bearer String
2020-08-22 23:02:36.172  WARN 9456 --- [           main] com.tacoloco.config.JwtRequestFilter     : JWT Token does not begin with Bearer String
2020-08-22 23:02:36.202  WARN 9456 --- [           main] com.tacoloco.config.JwtRequestFilter     : JWT Token does not begin with Bearer String
******************************** fake
[INFO] Tests run: 18, Failures: 0, Errors: 0, Skipped: 0, Time elapsed: 21.179 s - in com.tacoloco.pricingCalculator.PricingCalculatorControllerTests
[INFO] Running com.tacoloco.pricingCalculator.PricingCalculatorRepositoryTests
2020-08-22 23:02:36.532  INFO 9456 --- [           main] .b.t.c.SpringBootTestContextBootstrapper : Neither @ContextConfiguration nor @ContextHierarchy found for test class [com.tacoloco.pricingCalculator.PricingCalculatorRepositoryTests], using SpringBootContextLoader
2020-08-22 23:02:36.537  INFO 9456 --- [           main] o.s.t.c.support.AbstractContextLoader    : Could not detect default resource locations for test class [com.tacoloco.pricingCalculator.PricingCalculatorRepositoryTests]: no resource found for suffixes {-context.xml, Context.groovy}.
2020-08-22 23:02:36.537  INFO 9456 --- [           main] t.c.s.AnnotationConfigContextLoaderUtils : Could not detect default configuration classes for test class [com.tacoloco.pricingCalculator.PricingCalculatorRepositoryTests]: PricingCalculatorRepositoryTests does not declare any static, non-private, non-final, nested classes annotated with @Configuration.
2020-08-22 23:02:36.542  INFO 9456 --- [           main] .b.t.c.SpringBootTestContextBootstrapper : Found @SpringBootConfiguration com.tacoloco.PricingCalculatorApplication for test class com.tacoloco.pricingCalculator.PricingCalculatorRepositoryTests
2020-08-22 23:02:36.547  INFO 9456 --- [           main] .b.t.c.SpringBootTestContextBootstrapper : Loaded default TestExecutionListener class names from location [META-INF/spring.factories]: [org.springframework.security.test.context.support.WithSecurityContextTestExecutionListener, org.springframework.security.test.context.support.ReactorContextTestExecutionListener, org.springframework.test.context.web.ServletTestExecutionListener, org.springframework.test.context.support.DirtiesContextBeforeModesTestExecutionListener, org.springframework.test.context.support.DependencyInjectionTestExecutionListener, org.springframework.test.context.support.DirtiesContextTestExecutionListener, org.springframework.test.context.transaction.TransactionalTestExecutionListener, org.springframework.test.context.jdbc.SqlScriptsTestExecutionListener, org.springframework.test.context.event.EventPublishingTestExecutionListener, org.springframework.boot.test.mock.mockito.MockitoTestExecutionListener, org.springframework.boot.test.mock.mockito.ResetMocksTestExecutionListener, org.springframework.boot.test.autoconfigure.restdocs.RestDocsTestExecutionListener, org.springframework.boot.test.autoconfigure.web.client.MockRestServiceServerResetTestExecutionListener, org.springframework.boot.test.autoconfigure.web.servlet.MockMvcPrintOnlyOnFailureTestExecutionListener, org.springframework.boot.test.autoconfigure.web.servlet.WebDriverTestExecutionListener]
2020-08-22 23:02:36.552  INFO 9456 --- [           main] .b.t.c.SpringBootTestContextBootstrapper : Using TestExecutionListeners: [org.springframework.test.context.web.ServletTestExecutionListener@3f4b9792, org.springframework.test.context.support.DirtiesContextBeforeModesTestExecutionListener@8c6a7db, org.springframework.boot.test.mock.mockito.MockitoTestExecutionListener@5d95c7c2, org.springframework.boot.test.autoconfigure.SpringBootDependencyInjectionTestExecutionListener@40afa4f1, org.springframework.test.context.support.DirtiesContextTestExecutionListener@233b5c71, org.springframework.test.context.transaction.TransactionalTestExecutionListener@1e7edfb2, org.springframework.test.context.jdbc.SqlScriptsTestExecutionListener@6d26b068, org.springframework.security.test.context.support.WithSecurityContextTestExecutionListener@50931911, org.springframework.test.context.event.EventPublishingTestExecutionListener@29b21fa6, org.springframework.security.test.context.support.ReactorContextTestExecutionListener@4159c66d, org.springframework.boot.test.mock.mockito.ResetMocksTestExecutionListener@19a48bde, org.springframework.boot.test.autoconfigure.restdocs.RestDocsTestExecutionListener@5137526a, org.springframework.boot.test.autoconfigure.web.client.MockRestServiceServerResetTestExecutionListener@684138c5, org.springframework.boot.test.autoconfigure.web.servlet.MockMvcPrintOnlyOnFailureTestExecutionListener@6724f10e, org.springframework.boot.test.autoconfigure.web.servlet.WebDriverTestExecutionListener@5a637c4f]

  .   ____          _            __ _ _
 /\\ / ___'_ __ _ _(_)_ __  __ _ \ \ \ \
( ( )\___ | '_ | '_| | '_ \/ _` | \ \ \ \
 \\/  ___)| |_)| | | | | || (_| |  ) ) ) )
  '  |____| .__|_| |_|_| |_\__, | / / / /
 =========|_|==============|___/=/_/_/_/
 :: Spring Boot ::        (v2.2.5.RELEASE)

2020-08-22 23:02:36.772  INFO 9456 --- [           main] c.t.p.PricingCalculatorRepositoryTests   : Starting PricingCalculatorRepositoryTests on Jianping-HP with PID 9456 (started by Howard Wu in C:\Users\Howard Wu\Documents\taco-loco)
2020-08-22 23:02:36.772  INFO 9456 --- [           main] c.t.p.PricingCalculatorRepositoryTests   : No active profile set, falling back to default profiles: default
2020-08-22 23:02:38.657  INFO 9456 --- [           main] .s.d.r.c.RepositoryConfigurationDelegate : Multiple Spring Data modules found, entering strict repository configuration mode!
2020-08-22 23:02:38.662  INFO 9456 --- [           main] .s.d.r.c.RepositoryConfigurationDelegate : Bootstrapping Spring Data JDBC repositories in DEFAULT mode.
2020-08-22 23:02:38.717  INFO 9456 --- [           main] .RepositoryConfigurationExtensionSupport : Spring Data JDBC - Could not safely identify store assignment for repository candidate interface com.tacoloco.dao.SessionDao. If you want this repository to be a JDBC repository, consider annotating your entities with one of these annotations: org.springframework.data.relational.core.mapping.Table.
2020-08-22 23:02:38.717  INFO 9456 --- [           main] .RepositoryConfigurationExtensionSupport : Spring Data JDBC - Could not safely identify store assignment for repository candidate interface com.tacoloco.dao.UserDao. If you want this repository to be a JDBC repository, consider annotating your entities with one of these annotations: org.springframework.data.relational.core.mapping.Table.
2020-08-22 23:02:38.722  INFO 9456 --- [           main] .s.d.r.c.RepositoryConfigurationDelegate : Finished Spring Data repository scanning in 58ms. Found 0 JDBC repository interfaces.
2020-08-22 23:02:38.737  INFO 9456 --- [           main] .s.d.r.c.RepositoryConfigurationDelegate : Multiple Spring Data modules found, entering strict repository configuration mode!
2020-08-22 23:02:38.737  INFO 9456 --- [           main] .s.d.r.c.RepositoryConfigurationDelegate : Bootstrapping Spring Data JPA repositories in DEFAULT mode.
2020-08-22 23:02:38.827  INFO 9456 --- [           main] .s.d.r.c.RepositoryConfigurationDelegate : Finished Spring Data repository scanning in 91ms. Found 2 JPA repository interfaces.
2020-08-22 23:02:39.407  INFO 9456 --- [           main] trationDelegate$BeanPostProcessorChecker : Bean 'org.springframework.security.config.annotation.configuration.ObjectPostProcessorConfiguration' of type [org.springframework.security.config.annotation.configuration.ObjectPostProcessorConfiguration] is not eligible for getting processed by all BeanPostProcessors (for example: not eligible for auto-proxying)
2020-08-22 23:02:39.457  INFO 9456 --- [           main] trationDelegate$BeanPostProcessorChecker : Bean 'objectPostProcessor' of type [org.springframework.security.config.annotation.configuration.AutowireBeanFactoryObjectPostProcessor] is not eligible for getting processed by all BeanPostProcessors (for example: not eligible for auto-proxying)
2020-08-22 23:02:39.462  INFO 9456 --- [           main] trationDelegate$BeanPostProcessorChecker : Bean 'org.springframework.security.access.expression.method.DefaultMethodSecurityExpressionHandler@40699137' of type [org.springframework.security.access.expression.method.DefaultMethodSecurityExpressionHandler] is not eligible for getting processed by all BeanPostProcessors (for example: not eligible for auto-proxying)
2020-08-22 23:02:39.507  INFO 9456 --- [           main] trationDelegate$BeanPostProcessorChecker : Bean 'org.springframework.security.config.annotation.method.configuration.GlobalMethodSecurityConfiguration' of type [org.springframework.security.config.annotation.method.configuration.GlobalMethodSecurityConfiguration] is not eligible for getting processed by all BeanPostProcessors (for example: not eligible for auto-proxying)
2020-08-22 23:02:39.522  INFO 9456 --- [           main] trationDelegate$BeanPostProcessorChecker : Bean 'methodSecurityMetadataSource' of type [org.springframework.security.access.method.DelegatingMethodSecurityMetadataSource] is not eligible for getting processed by all BeanPostProcessors (for example: not eligible for auto-proxying)
2020-08-22 23:02:39.987  INFO 9456 --- [           main] com.zaxxer.hikari.HikariDataSource       : HikariPool-3 - Starting...
2020-08-22 23:02:39.992  INFO 9456 --- [           main] com.zaxxer.hikari.HikariDataSource       : HikariPool-3 - Start completed.
2020-08-22 23:02:40.087  INFO 9456 --- [           main] o.hibernate.jpa.internal.util.LogHelper  : HHH000204: Processing PersistenceUnitInfo [name: default]
2020-08-22 23:02:40.132  INFO 9456 --- [           main] org.hibernate.dialect.Dialect            : HHH000400: Using dialect: org.hibernate.dialect.H2Dialect
2020-08-22 23:02:40.772  INFO 9456 --- [           main] o.h.e.t.j.p.i.JtaPlatformInitiator       : HHH000490: Using JtaPlatform implementation: [org.hibernate.engine.transaction.jta.platform.internal.NoJtaPlatform]
2020-08-22 23:02:40.777  INFO 9456 --- [           main] j.LocalContainerEntityManagerFactoryBean : Initialized JPA EntityManagerFactory for persistence unit 'default'
2020-08-22 23:02:41.567  WARN 9456 --- [           main] JpaBaseConfiguration$JpaWebConfiguration : spring.jpa.open-in-view is enabled by default. Therefore, database queries may be performed during view rendering. Explicitly configure spring.jpa.open-in-view to disable this warning
2020-08-22 23:02:44.746  INFO 9456 --- [           main] o.s.s.web.DefaultSecurityFilterChain     : Creating filter chain: any request, [org.springframework.security.web.context.request.async.WebAsyncManagerIntegrationFilter@7668b4ff, org.springframework.security.web.context.SecurityContextPersistenceFilter@4ed56cfd, org.springframework.security.web.header.HeaderWriterFilter@ad58e2c, org.springframework.security.web.authentication.logout.LogoutFilter@66a74cba, com.tacoloco.config.JwtRequestFilter@6d7298be, org.springframework.security.web.savedrequest.RequestCacheAwareFilter@399faad3, org.springframework.security.web.servletapi.SecurityContextHolderAwareRequestFilter@1f9df722, org.springframework.security.web.authentication.AnonymousAuthenticationFilter@2ef86335, org.springframework.security.web.session.SessionManagementFilter@57497703, org.springframework.security.web.access.ExceptionTranslationFilter@3da94286, org.springframework.security.web.access.intercept.FilterSecurityInterceptor@502356ec]
2020-08-22 23:02:44.996  INFO 9456 --- [           main] o.s.s.web.DefaultSecurityFilterChain     : Creating filter chain: any request, [org.springframework.security.web.context.request.async.WebAsyncManagerIntegrationFilter@47d0c2e0, org.springframework.security.web.context.SecurityContextPersistenceFilter@3c88bef5, org.springframework.security.web.header.HeaderWriterFilter@4c974fe8, org.springframework.security.web.csrf.CsrfFilter@7101fb1c, org.springframework.security.web.authentication.logout.LogoutFilter@4667fd40, org.springframework.security.web.authentication.UsernamePasswordAuthenticationFilter@68a1d32f, org.springframework.security.web.authentication.ui.DefaultLoginPageGeneratingFilter@5163bb14, org.springframework.security.web.authentication.ui.DefaultLogoutPageGeneratingFilter@311a569d, org.springframework.security.web.authentication.www.BasicAuthenticationFilter@6bd2dd5d, org.springframework.security.web.savedrequest.RequestCacheAwareFilter@1e4e145b, org.springframework.security.web.servletapi.SecurityContextHolderAwareRequestFilter@68d0e075, org.springframework.security.web.authentication.AnonymousAuthenticationFilter@57c4d33a, org.springframework.security.web.session.SessionManagementFilter@422f74b7, org.springframework.security.web.access.ExceptionTranslationFilter@79ab79f6, org.springframework.security.web.access.intercept.FilterSecurityInterceptor@1afd9827]
2020-08-22 23:02:45.956  INFO 9456 --- [           main] o.s.s.concurrent.ThreadPoolTaskExecutor  : Initializing ExecutorService 'applicationTaskExecutor'
2020-08-22 23:02:51.031  INFO 9456 --- [           main] c.t.p.PricingCalculatorRepositoryTests   : Started PricingCalculatorRepositoryTests in 14.467 seconds (JVM running for 103.652)
2020-08-22 23:02:51.051  INFO 9456 --- [           main] c.t.p.PricingCalculatorRepositoryTests   : Creating tables
[INFO] Tests run: 1, Failures: 0, Errors: 0, Skipped: 0, Time elapsed: 14.469 s - in com.tacoloco.pricingCalculator.PricingCalculatorRepositoryTests
[INFO] Running com.tacoloco.pricingCalculator.PricingCalculatorServiceTests
2020-08-22 23:02:51.091  INFO 9456 --- [           main] .b.t.c.SpringBootTestContextBootstrapper : Neither @ContextConfiguration nor @ContextHierarchy found for test class [com.tacoloco.pricingCalculator.PricingCalculatorServiceTests], using SpringBootContextLoader
2020-08-22 23:02:51.091  INFO 9456 --- [           main] o.s.t.c.support.AbstractContextLoader    : Could not detect default resource locations for test class [com.tacoloco.pricingCalculator.PricingCalculatorServiceTests]: no resource found for suffixes {-context.xml, Context.groovy}.
2020-08-22 23:02:51.091  INFO 9456 --- [           main] t.c.s.AnnotationConfigContextLoaderUtils : Could not detect default configuration classes for test class [com.tacoloco.pricingCalculator.PricingCalculatorServiceTests]: PricingCalculatorServiceTests does not declare any static, non-private, non-final, nested classes annotated with @Configuration.
2020-08-22 23:02:51.101  INFO 9456 --- [           main] .b.t.c.SpringBootTestContextBootstrapper : Found @SpringBootConfiguration com.tacoloco.PricingCalculatorApplication for test class com.tacoloco.pricingCalculator.PricingCalculatorServiceTests
2020-08-22 23:02:51.106  INFO 9456 --- [           main] .b.t.c.SpringBootTestContextBootstrapper : Loaded default TestExecutionListener class names from location [META-INF/spring.factories]: [org.springframework.security.test.context.support.WithSecurityContextTestExecutionListener, org.springframework.security.test.context.support.ReactorContextTestExecutionListener, org.springframework.test.context.web.ServletTestExecutionListener, org.springframework.test.context.support.DirtiesContextBeforeModesTestExecutionListener, org.springframework.test.context.support.DependencyInjectionTestExecutionListener, org.springframework.test.context.support.DirtiesContextTestExecutionListener, org.springframework.test.context.transaction.TransactionalTestExecutionListener, org.springframework.test.context.jdbc.SqlScriptsTestExecutionListener, org.springframework.test.context.event.EventPublishingTestExecutionListener, org.springframework.boot.test.mock.mockito.MockitoTestExecutionListener, org.springframework.boot.test.mock.mockito.ResetMocksTestExecutionListener, org.springframework.boot.test.autoconfigure.restdocs.RestDocsTestExecutionListener, org.springframework.boot.test.autoconfigure.web.client.MockRestServiceServerResetTestExecutionListener, org.springframework.boot.test.autoconfigure.web.servlet.MockMvcPrintOnlyOnFailureTestExecutionListener, org.springframework.boot.test.autoconfigure.web.servlet.WebDriverTestExecutionListener]
2020-08-22 23:02:51.106  INFO 9456 --- [           main] .b.t.c.SpringBootTestContextBootstrapper : Using TestExecutionListeners: [org.springframework.test.context.web.ServletTestExecutionListener@4dba7f3c, org.springframework.test.context.support.DirtiesContextBeforeModesTestExecutionListener@bd074d7, org.springframework.boot.test.mock.mockito.MockitoTestExecutionListener@34fcbc36, org.springframework.boot.test.autoconfigure.SpringBootDependencyInjectionTestExecutionListener@3c55c035, org.springframework.test.context.support.DirtiesContextTestExecutionListener@22881b1c, org.springframework.test.context.transaction.TransactionalTestExecutionListener@2af6b556, org.springframework.test.context.jdbc.SqlScriptsTestExecutionListener@7bbab132, org.springframework.security.test.context.support.WithSecurityContextTestExecutionListener@697c9218, org.springframework.test.context.event.EventPublishingTestExecutionListener@bce34d0, org.springframework.security.test.context.support.ReactorContextTestExecutionListener@148d7cfa, org.springframework.boot.test.mock.mockito.ResetMocksTestExecutionListener@3a907c78, org.springframework.boot.test.autoconfigure.restdocs.RestDocsTestExecutionListener@37f1d560, org.springframework.boot.test.autoconfigure.web.client.MockRestServiceServerResetTestExecutionListener@4d630ffa, org.springframework.boot.test.autoconfigure.web.servlet.MockMvcPrintOnlyOnFailureTestExecutionListener@32f6d000, org.springframework.boot.test.autoconfigure.web.servlet.WebDriverTestExecutionListener@bbc199a]

  .   ____          _            __ _ _
 /\\ / ___'_ __ _ _(_)_ __  __ _ \ \ \ \
( ( )\___ | '_ | '_| | '_ \/ _` | \ \ \ \
 \\/  ___)| |_)| | | | | || (_| |  ) ) ) )
  '  |____| .__|_| |_|_| |_\__, | / / / /
 =========|_|==============|___/=/_/_/_/
 :: Spring Boot ::        (v2.2.5.RELEASE)

2020-08-22 23:02:51.301  INFO 9456 --- [           main] c.t.p.PricingCalculatorServiceTests      : Starting PricingCalculatorServiceTests on Jianping-HP with PID 9456 (started by Howard Wu in C:\Users\Howard Wu\Documents\taco-loco)
2020-08-22 23:02:51.301  INFO 9456 --- [           main] c.t.p.PricingCalculatorServiceTests      : No active profile set, falling back to default profiles: default
2020-08-22 23:02:53.289  INFO 9456 --- [           main] .s.d.r.c.RepositoryConfigurationDelegate : Multiple Spring Data modules found, entering strict repository configuration mode!
2020-08-22 23:02:53.289  INFO 9456 --- [           main] .s.d.r.c.RepositoryConfigurationDelegate : Bootstrapping Spring Data JDBC repositories in DEFAULT mode.
2020-08-22 23:02:53.339  INFO 9456 --- [           main] .RepositoryConfigurationExtensionSupport : Spring Data JDBC - Could not safely identify store assignment for repository candidate interface com.tacoloco.dao.SessionDao. If you want this repository to be a JDBC repository, consider annotating your entities with one of these annotations: org.springframework.data.relational.core.mapping.Table.
2020-08-22 23:02:53.344  INFO 9456 --- [           main] .RepositoryConfigurationExtensionSupport : Spring Data JDBC - Could not safely identify store assignment for repository candidate interface com.tacoloco.dao.UserDao. If you want this repository to be a JDBC repository, consider annotating your entities with one of these annotations: org.springframework.data.relational.core.mapping.Table.
2020-08-22 23:02:53.344  INFO 9456 --- [           main] .s.d.r.c.RepositoryConfigurationDelegate : Finished Spring Data repository scanning in 53ms. Found 0 JDBC repository interfaces.
2020-08-22 23:02:53.364  INFO 9456 --- [           main] .s.d.r.c.RepositoryConfigurationDelegate : Multiple Spring Data modules found, entering strict repository configuration mode!
2020-08-22 23:02:53.364  INFO 9456 --- [           main] .s.d.r.c.RepositoryConfigurationDelegate : Bootstrapping Spring Data JPA repositories in DEFAULT mode.
2020-08-22 23:02:53.444  INFO 9456 --- [           main] .s.d.r.c.RepositoryConfigurationDelegate : Finished Spring Data repository scanning in 78ms. Found 2 JPA repository interfaces.
2020-08-22 23:02:54.484  INFO 9456 --- [           main] trationDelegate$BeanPostProcessorChecker : Bean 'org.springframework.security.config.annotation.configuration.ObjectPostProcessorConfiguration' of type [org.springframework.security.config.annotation.configuration.ObjectPostProcessorConfiguration] is not eligible for getting processed by all BeanPostProcessors (for example: not eligible for auto-proxying)
2020-08-22 23:02:54.494  INFO 9456 --- [           main] trationDelegate$BeanPostProcessorChecker : Bean 'objectPostProcessor' of type [org.springframework.security.config.annotation.configuration.AutowireBeanFactoryObjectPostProcessor] is not eligible for getting processed by all BeanPostProcessors (for example: not eligible for auto-proxying)
2020-08-22 23:02:54.494  INFO 9456 --- [           main] trationDelegate$BeanPostProcessorChecker : Bean 'org.springframework.security.access.expression.method.DefaultMethodSecurityExpressionHandler@595f803' of type [org.springframework.security.access.expression.method.DefaultMethodSecurityExpressionHandler] is not eligible for getting processed by all BeanPostProcessors (for example: not eligible for auto-proxying)
2020-08-22 23:02:54.519  INFO 9456 --- [           main] trationDelegate$BeanPostProcessorChecker : Bean 'org.springframework.security.config.annotation.method.configuration.GlobalMethodSecurityConfiguration' of type [org.springframework.security.config.annotation.method.configuration.GlobalMethodSecurityConfiguration] is not eligible for getting processed by all BeanPostProcessors (for example: not eligible for auto-proxying)
2020-08-22 23:02:54.539  INFO 9456 --- [           main] trationDelegate$BeanPostProcessorChecker : Bean 'methodSecurityMetadataSource' of type [org.springframework.security.access.method.DelegatingMethodSecurityMetadataSource] is not eligible for getting processed by all BeanPostProcessors (for example: not eligible for auto-proxying)
2020-08-22 23:02:54.784  INFO 9456 --- [           main] com.zaxxer.hikari.HikariDataSource       : HikariPool-4 - Starting...
2020-08-22 23:02:54.789  INFO 9456 --- [           main] com.zaxxer.hikari.HikariDataSource       : HikariPool-4 - Start completed.
2020-08-22 23:02:54.868  INFO 9456 --- [           main] o.hibernate.jpa.internal.util.LogHelper  : HHH000204: Processing PersistenceUnitInfo [name: default]
2020-08-22 23:02:54.903  INFO 9456 --- [           main] org.hibernate.dialect.Dialect            : HHH000400: Using dialect: org.hibernate.dialect.H2Dialect
2020-08-22 23:02:55.183  INFO 9456 --- [           main] o.h.e.t.j.p.i.JtaPlatformInitiator       : HHH000490: Using JtaPlatform implementation: [org.hibernate.engine.transaction.jta.platform.internal.NoJtaPlatform]
2020-08-22 23:02:55.183  INFO 9456 --- [           main] j.LocalContainerEntityManagerFactoryBean : Initialized JPA EntityManagerFactory for persistence unit 'default'
2020-08-22 23:02:55.528  WARN 9456 --- [           main] JpaBaseConfiguration$JpaWebConfiguration : spring.jpa.open-in-view is enabled by default. Therefore, database queries may be performed during view rendering. Explicitly configure spring.jpa.open-in-view to disable this warning
2020-08-22 23:02:57.348  INFO 9456 --- [           main] o.s.s.web.DefaultSecurityFilterChain     : Creating filter chain: any request, [org.springframework.security.web.context.request.async.WebAsyncManagerIntegrationFilter@3ececd11, org.springframework.security.web.context.SecurityContextPersistenceFilter@ba1f5d1, org.springframework.security.web.header.HeaderWriterFilter@13f05e8e, org.springframework.security.web.authentication.logout.LogoutFilter@be73bbd, com.tacoloco.config.JwtRequestFilter@55456711, org.springframework.security.web.savedrequest.RequestCacheAwareFilter@464de784, org.springframework.security.web.servletapi.SecurityContextHolderAwareRequestFilter@57d8d5ed, org.springframework.security.web.authentication.AnonymousAuthenticationFilter@1b8117f4, org.springframework.security.web.session.SessionManagementFilter@7ff4f301, org.springframework.security.web.access.ExceptionTranslationFilter@4071aa13, org.springframework.security.web.access.intercept.FilterSecurityInterceptor@6ba076ef]
2020-08-22 23:02:57.689  INFO 9456 --- [           main] o.s.s.web.DefaultSecurityFilterChain     : Creating filter chain: any request, [org.springframework.security.web.context.request.async.WebAsyncManagerIntegrationFilter@70aebcee, org.springframework.security.web.context.SecurityContextPersistenceFilter@78c7928a, org.springframework.security.web.header.HeaderWriterFilter@4670caf6, org.springframework.security.web.csrf.CsrfFilter@1e287867, org.springframework.security.web.authentication.logout.LogoutFilter@548051d7, org.springframework.security.web.authentication.UsernamePasswordAuthenticationFilter@4945b25f, org.springframework.security.web.authentication.ui.DefaultLoginPageGeneratingFilter@b8df260, org.springframework.security.web.authentication.ui.DefaultLogoutPageGeneratingFilter@399fd2ab, org.springframework.security.web.authentication.www.BasicAuthenticationFilter@28220b56, org.springframework.security.web.savedrequest.RequestCacheAwareFilter@675f9bc6, org.springframework.security.web.servletapi.SecurityContextHolderAwareRequestFilter@27b8daa1, org.springframework.security.web.authentication.AnonymousAuthenticationFilter@5dac488d, org.springframework.security.web.session.SessionManagementFilter@25712d03, org.springframework.security.web.access.ExceptionTranslationFilter@5249b9c5, org.springframework.security.web.access.intercept.FilterSecurityInterceptor@1bba5848]
2020-08-22 23:02:58.608  INFO 9456 --- [           main] o.s.s.concurrent.ThreadPoolTaskExecutor  : Initializing ExecutorService 'applicationTaskExecutor'
2020-08-22 23:03:03.609  INFO 9456 --- [           main] c.t.p.PricingCalculatorServiceTests      : Started PricingCalculatorServiceTests in 12.47 seconds (JVM running for 116.232)
[INFO] Tests run: 11, Failures: 0, Errors: 0, Skipped: 0, Time elapsed: 12.922 s - in com.tacoloco.pricingCalculator.PricingCalculatorServiceTests
2020-08-22 23:03:04.123  INFO 9456 --- [extShutdownHook] o.s.s.concurrent.ThreadPoolTaskExecutor  : Shutting down ExecutorService 'applicationTaskExecutor'
2020-08-22 23:03:04.133  INFO 9456 --- [extShutdownHook] j.LocalContainerEntityManagerFactoryBean : Closing JPA EntityManagerFactory for persistence unit 'default'
2020-08-22 23:03:04.133  INFO 9456 --- [extShutdownHook] .SchemaDropperImpl$DelayedDropActionImpl : HHH000477: Starting delayed evictData of schema as part of SessionFactory shut-down'
2020-08-22 23:03:04.153  INFO 9456 --- [extShutdownHook] com.zaxxer.hikari.HikariDataSource       : HikariPool-3 - Shutdown initiated...
2020-08-22 23:03:04.169  INFO 9456 --- [extShutdownHook] o.s.s.concurrent.ThreadPoolTaskExecutor  : Shutting down ExecutorService 'applicationTaskExecutor'
2020-08-22 23:03:04.173  INFO 9456 --- [extShutdownHook] j.LocalContainerEntityManagerFactoryBean : Closing JPA EntityManagerFactory for persistence unit 'default'
2020-08-22 23:03:04.173  INFO 9456 --- [extShutdownHook] .SchemaDropperImpl$DelayedDropActionImpl : HHH000477: Starting delayed evictData of schema as part of SessionFactory shut-down'
2020-08-22 23:03:04.178  INFO 9456 --- [extShutdownHook] com.zaxxer.hikari.HikariDataSource       : HikariPool-4 - Shutdown initiated...
2020-08-22 23:03:04.203  INFO 9456 --- [extShutdownHook] o.s.s.concurrent.ThreadPoolTaskExecutor  : Shutting down ExecutorService 'applicationTaskExecutor'
2020-08-22 23:03:04.208  INFO 9456 --- [extShutdownHook] j.LocalContainerEntityManagerFactoryBean : Closing JPA EntityManagerFactory for persistence unit 'default'
2020-08-22 23:03:04.208  INFO 9456 --- [extShutdownHook] .SchemaDropperImpl$DelayedDropActionImpl : HHH000477: Starting delayed evictData of schema as part of SessionFactory shut-down'
2020-08-22 23:03:04.208  INFO 9456 --- [extShutdownHook] com.zaxxer.hikari.HikariDataSource       : HikariPool-4 - Shutdown completed.
2020-08-22 23:03:04.213  INFO 9456 --- [extShutdownHook] com.zaxxer.hikari.HikariDataSource       : HikariPool-3 - Shutdown completed.
2020-08-22 23:03:04.213  INFO 9456 --- [extShutdownHook] com.zaxxer.hikari.HikariDataSource       : HikariPool-1 - Shutdown initiated...
2020-08-22 23:03:04.218  INFO 9456 --- [extShutdownHook] o.s.s.concurrent.ThreadPoolTaskExecutor  : Shutting down ExecutorService 'applicationTaskExecutor'
2020-08-22 23:03:04.218  INFO 9456 --- [extShutdownHook] j.LocalContainerEntityManagerFactoryBean : Closing JPA EntityManagerFactory for persistence unit 'default'
2020-08-22 23:03:04.218  INFO 9456 --- [extShutdownHook] .SchemaDropperImpl$DelayedDropActionImpl : HHH000477: Starting delayed evictData of schema as part of SessionFactory shut-down'
2020-08-22 23:03:04.223  INFO 9456 --- [extShutdownHook] com.zaxxer.hikari.HikariDataSource       : HikariPool-2 - Shutdown initiated...
2020-08-22 23:03:04.228  INFO 9456 --- [extShutdownHook] com.zaxxer.hikari.HikariDataSource       : HikariPool-1 - Shutdown completed.
2020-08-22 23:03:04.236  INFO 9456 --- [extShutdownHook] com.zaxxer.hikari.HikariDataSource       : HikariPool-2 - Shutdown completed.
[INFO] 
[INFO] Results:
[INFO] 
[INFO] Tests run: 44, Failures: 0, Errors: 0, Skipped: 0
[INFO] 
[INFO] ------------------------------------------------------------------------
[INFO] BUILD SUCCESS
[INFO] ------------------------------------------------------------------------
[INFO] Total time:  02:34 min
[INFO] Finished at: 2020-08-22T23:03:04-04:00
[INFO] ------------------------------------------------------------------------
